Determining if the pthread_create exist failed with the following output:
Change Dir: /user/baruzya/Documents/sable/pink/CMakeFiles/CMakeTmp

Run Build Command:"/usr/bin/make" "cmTC_a1b36/fast"
/usr/bin/make -f CMakeFiles/cmTC_a1b36.dir/build.make CMakeFiles/cmTC_a1b36.dir/build
make[1] : on entre dans le répertoire « /user/baruzya/Documents/sable/pink/CMakeFiles/CMakeTmp »
Building C object CMakeFiles/cmTC_a1b36.dir/CheckSymbolExists.c.o
/usr/bin/cc     -o CMakeFiles/cmTC_a1b36.dir/CheckSymbolExists.c.o   -c /user/baruzya/Documents/sable/pink/CMakeFiles/CMakeTmp/CheckSymbolExists.c
Linking C executable cmTC_a1b36
/usr/bin/cmake -E cmake_link_script CMakeFiles/cmTC_a1b36.dir/link.txt --verbose=1
/usr/bin/cc       CMakeFiles/cmTC_a1b36.dir/CheckSymbolExists.c.o  -o cmTC_a1b36 -rdynamic 
CMakeFiles/cmTC_a1b36.dir/CheckSymbolExists.c.o : Dans la fonction « main » :
CheckSymbolExists.c:(.text+0x1b) : référence indéfinie vers « pthread_create »
collect2: error: ld returned 1 exit status
CMakeFiles/cmTC_a1b36.dir/build.make:97 : la recette pour la cible « cmTC_a1b36 » a échouée
make[1]: *** [cmTC_a1b36] Erreur 1
make[1] : on quitte le répertoire « /user/baruzya/Documents/sable/pink/CMakeFiles/CMakeTmp »
Makefile:126 : la recette pour la cible « cmTC_a1b36/fast » a échouée
make: *** [cmTC_a1b36/fast] Erreur 2

File /user/baruzya/Documents/sable/pink/CMakeFiles/CMakeTmp/CheckSymbolExists.c:
/* */
#include <pthread.h>

int main(int argc, char** argv)
{
  (void)argv;
#ifndef pthread_create
  return ((int*)(&pthread_create))[argc];
#else
  (void)argc;
  return 0;
#endif
}

Determining if the function pthread_create exists in the pthreads failed with the following output:
Change Dir: /user/baruzya/Documents/sable/pink/CMakeFiles/CMakeTmp

Run Build Command:"/usr/bin/make" "cmTC_250ec/fast"
/usr/bin/make -f CMakeFiles/cmTC_250ec.dir/build.make CMakeFiles/cmTC_250ec.dir/build
make[1] : on entre dans le répertoire « /user/baruzya/Documents/sable/pink/CMakeFiles/CMakeTmp »
Building C object CMakeFiles/cmTC_250ec.dir/CheckFunctionExists.c.o
/usr/bin/cc    -DCHECK_FUNCTION_EXISTS=pthread_create   -o CMakeFiles/cmTC_250ec.dir/CheckFunctionExists.c.o   -c /usr/share/cmake-3.7/Modules/CheckFunctionExists.c
Linking C executable cmTC_250ec
/usr/bin/cmake -E cmake_link_script CMakeFiles/cmTC_250ec.dir/link.txt --verbose=1
/usr/bin/cc   -DCHECK_FUNCTION_EXISTS=pthread_create    CMakeFiles/cmTC_250ec.dir/CheckFunctionExists.c.o  -o cmTC_250ec -rdynamic -lpthreads 
/usr/bin/ld : ne peut trouver -lpthreads
collect2: error: ld returned 1 exit status
CMakeFiles/cmTC_250ec.dir/build.make:97 : la recette pour la cible « cmTC_250ec » a échouée
make[1]: *** [cmTC_250ec] Erreur 1
make[1] : on quitte le répertoire « /user/baruzya/Documents/sable/pink/CMakeFiles/CMakeTmp »
Makefile:126 : la recette pour la cible « cmTC_250ec/fast » a échouée
make: *** [cmTC_250ec/fast] Erreur 2


Determining if the include file gsl/gsl_interp.h exists failed with the following output:
Change Dir: /user/baruzya/Documents/sable/pink/CMakeFiles/CMakeTmp

Run Build Command:"/usr/bin/make" "cmTC_eb237/fast"
/usr/bin/make -f CMakeFiles/cmTC_eb237.dir/build.make CMakeFiles/cmTC_eb237.dir/build
make[1] : on entre dans le répertoire « /user/baruzya/Documents/sable/pink/CMakeFiles/CMakeTmp »
Building C object CMakeFiles/cmTC_eb237.dir/CheckIncludeFile.c.o
/usr/bin/cc     -o CMakeFiles/cmTC_eb237.dir/CheckIncludeFile.c.o   -c /user/baruzya/Documents/sable/pink/CMakeFiles/CMakeTmp/CheckIncludeFile.c
/user/baruzya/Documents/sable/pink/CMakeFiles/CMakeTmp/CheckIncludeFile.c:1:28: fatal error: gsl/gsl_interp.h: Aucun fichier ou dossier de ce type
 #include <gsl/gsl_interp.h>
                            ^
compilation terminated.
CMakeFiles/cmTC_eb237.dir/build.make:65 : la recette pour la cible « CMakeFiles/cmTC_eb237.dir/CheckIncludeFile.c.o » a échouée
make[1]: *** [CMakeFiles/cmTC_eb237.dir/CheckIncludeFile.c.o] Erreur 1
make[1] : on quitte le répertoire « /user/baruzya/Documents/sable/pink/CMakeFiles/CMakeTmp »
Makefile:126 : la recette pour la cible « cmTC_eb237/fast » a échouée
make: *** [cmTC_eb237/fast] Erreur 2


